<?xml version="1.0" encoding="UTF-8"?>
<testsuite xmlns:xsi="http://www.w3.org/2001/XMLSchema-instance" xsi:noNamespaceSchemaLocation="https://maven.apache.org/surefire/maven-surefire-plugin/xsd/surefire-test-report-3.0.xsd" version="3.0" name="de.tilman_neumann.jml.transcendental.ExpTest" time="0.008" tests="1" errors="0" skipped="0" failures="0">
  <properties>
[...]
</properties>
  <testcase name="testExpZero" classname="de.tilman_neumann.jml.transcendental.ExpTest" time="0.005">
    <system-out><![CDATA[2026-05-05 21:00:02,207 INFO  ClassTest(38) [main]: Run de.tilman_neumann.jml.transcendental.ExpTest.testExpZero()
]]></system-out>
  </testcase>
</testsuite>